<?xml version="1.0" encoding="UTF-8"?>
<testsuite name="it.unicam.cs.pa.jbudget097845.core.account.AccountTest" tests="2" skipped="0" failures="0" errors="0" timestamp="2020-05-27T06:33:43" hostname="turtigentoo" time="0.014">
  <properties/>
  <testcase name="createAccountError" classname="it.unicam.cs.pa.jbudget097845.core.account.AccountTest" time="0.011"/>
  <testcase name="createAccount" classname="it.unicam.cs.pa.jbudget097845.core.account.AccountTest" time="0.003"/>
  <system-out><![CDATA[]]></system-out>
  <system-err><![CDATA[]]></system-err>
</testsuite>
