<?xml version="1.0" encoding="UTF-8"?>
<testsuite name="it.unicam.cs.pa.jbudget097845.core.movement.MovementTest" tests="2" skipped="0" failures="0" errors="0" timestamp="2020-05-27T06:33:43" hostname="turtigentoo" time="0.047">
  <properties/>
  <testcase name="createCreditMovement" classname="it.unicam.cs.pa.jbudget097845.core.movement.MovementTest" time="0.044"/>
  <testcase name="createDebitMovement" classname="it.unicam.cs.pa.jbudget097845.core.movement.MovementTest" time="0.002"/>
  <system-out><![CDATA[]]></system-out>
  <system-err><![CDATA[]]></system-err>
</testsuite>
